<PAMDataset>
  <Metadata>
    <MDI key="DataType">Generic</MDI>
  </Metadata>
  <PAMRasterBand band="1">
    <GDALRasterAttributeTable tableType="thematic">
      <FieldDefn index="0">
        <Name>VALUE</Name>
        <Type>0</Type>
        <Usage>5</Usage>
      </FieldDefn>
      <FieldDefn index="1">
        <Name>CC_PERCENT</Name>
        <Type>2</Type>
        <Usage>0</Usage>
      </FieldDefn>
      <FieldDefn index="2">
        <Name>R</Name>
        <Type>2</Type>
        <Usage>0</Usage>
      </FieldDefn>
      <FieldDefn index="3">
        <Name>G</Name>
        <Type>2</Type>
        <Usage>0</Usage>
      </FieldDefn>
      <FieldDefn index="4">
        <Name>B</Name>
        <Type>2</Type>
        <Usage>0</Usage>
      </FieldDefn>
      <FieldDefn index="5">
        <Name>VALUE_1</Name>
        <Type>2</Type>
        <Usage>0</Usage>
      </FieldDefn>
      <FieldDefn index="6">
        <Name>RED</Name>
        <Type>1</Type>
        <Usage>0</Usage>
      </FieldDefn>
      <FieldDefn index="7">
        <Name>GREEN</Name>
        <Type>1</Type>
        <Usage>0</Usage>
      </FieldDefn>
      <FieldDefn index="8">
        <Name>BLUE</Name>
        <Type>1</Type>
        <Usage>0</Usage>
      </FieldDefn>
      <Row index="0">
        <F>-9999</F>
        <F>NoData</F>
        <F>0</F>
        <F>0</F>
        <F>0</F>
        <F>-9999</F>
        <F>0</F>
        <F>0</F>
        <F>0</F>
      </Row>
      <Row index="1">
        <F>0</F>
        <F>Non-Forested</F>
        <F>175</F>
        <F>175</F>
        <F>175</F>
        <F>0</F>
        <F>0.6862745098</F>
        <F>0.6862745098</F>
        <F>0.6862745098</F>
      </Row>
      <Row index="2">
        <F>15</F>
        <F>10 &lt;=  CC &lt; 20</F>
        <F>234</F>
        <F>255</F>
        <F>191</F>
        <F>15</F>
        <F>0.91764705882</F>
        <F>1</F>
        <F>0.74901960784</F>
      </Row>
      <Row index="3">
        <F>25</F>
        <F>20 &lt;=  CC &lt; 30</F>
        <F>186</F>
        <F>229</F>
        <F>148</F>
        <F>25</F>
        <F>0.72941176471</F>
        <F>0.89803921569</F>
        <F>0.58039215686</F>
      </Row>
      <Row index="4">
        <F>35</F>
        <F>30 &lt;=  CC &lt; 40</F>
        <F>140</F>
        <F>201</F>
        <F>108</F>
        <F>35</F>
        <F>0.54901960784</F>
        <F>0.78823529412</F>
        <F>0.42352941177</F>
      </Row>
      <Row index="5">
        <F>45</F>
        <F>40 &lt;=  CC &lt; 50</F>
        <F>97</F>
        <F>175</F>
        <F>73</F>
        <F>45</F>
        <F>0.38039215686</F>
        <F>0.6862745098</F>
        <F>0.2862745098</F>
      </Row>
      <Row index="6">
        <F>55</F>
        <F>50 &lt;= CC &lt; 60</F>
        <F>59</F>
        <F>153</F>
        <F>43</F>
        <F>55</F>
        <F>0.23137254902</F>
        <F>0.6</F>
        <F>0.16862745098</F>
      </Row>
      <Row index="7">
        <F>65</F>
        <F>60 &lt;=  CC &lt; 70</F>
        <F>0</F>
        <F>127</F>
        <F>0</F>
        <F>65</F>
        <F>0</F>
        <F>0.49803921569</F>
        <F>0</F>
      </Row>
      <Row index="8">
        <F>75</F>
        <F>70 &lt;=  CC &lt; 80</F>
        <F>14</F>
        <F>92</F>
        <F>11</F>
        <F>75</F>
        <F>0.05490196078</F>
        <F>0.36078431373</F>
        <F>0.0431372549</F>
      </Row>
      <Row index="9">
        <F>85</F>
        <F>80 &lt;=  CC &lt; 90</F>
        <F>17</F>
        <F>60</F>
        <F>12</F>
        <F>85</F>
        <F>0.06666666667</F>
        <F>0.23529411765</F>
        <F>0.04705882353</F>
      </Row>
      <Row index="10">
        <F>95</F>
        <F>90 &lt;=  CC &lt;= 100</F>
        <F>15</F>
        <F>36</F>
        <F>12</F>
        <F>95</F>
        <F>0.05882352941</F>
        <F>0.14117647059</F>
        <F>0.04705882353</F>
      </Row>
    </GDALRasterAttributeTable>
    <Metadata>
      <MDI key="SourceBandIndex">0</MDI>
    </Metadata>
  </PAMRasterBand>
</PAMDataset>
